<?xml version="1.0" encoding="UTF-8"?>
<!-- Generated by org.testng.reporters.JUnitReportReporter -->
<testsuite hostname="LAPTOP-IK8VGAHU" failures="0" tests="1" name="ninjaTestCases.Login_TC" time="9.496" errors="0" timestamp="2022-11-25T13:10:06 IST" skipped="0">
  <testcase classname="ninjaTestCases.Login_TC" name="login" time="9.496"/>
  <system-out/>
</testsuite> <!-- ninjaTestCases.Login_TC -->
