<?xml version="1.0" encoding="UTF-8"?>
<!-- Generated by org.testng.reporters.JUnitReportReporter -->
<testsuite hostname="LAPTOP-IK8VGAHU" failures="0" tests="1" name="ninjaTestCases.Login_TC" time="5.106" errors="0" timestamp="2022-11-25T10:44:46 IST" skipped="0">
  <testcase classname="ninjaTestCases.Login_TC" name="login" time="5.106"/>
  <system-out/>
</testsuite> <!-- ninjaTestCases.Login_TC -->
